{"/Users/lucasraffalli/Aflokkat/Test Unitaires/API/src/app.js": {"path":"/Users/lucasraffalli/Aflokkat/Test Unitaires/API/src/app.js","statementMap":{"0":{"start":{"line":1,"column":16},"end":{"line":1,"column":34}},"1":{"start":{"line":2,"column":12},"end":{"line":2,"column":21}},"2":{"start":{"line":3,"column":13},"end":{"line":3,"column":17}},"3":{"start":{"line":4,"column":18},"end":{"line":4,"column":37}},"4":{"start":{"line":6,"column":0},"end":{"line":6,"column":24}},"5":{"start":{"line":8,"column":0},"end":{"line":10,"column":3}},"6":{"start":{"line":9,"column":2},"end":{"line":9,"column":27}},"7":{"start":{"line":14,"column":0},"end":{"line":14,"column":27}},"8":{"start":{"line":17,"column":0},"end":{"line":21,"column":1}},"9":{"start":{"line":18,"column":2},"end":{"line":20,"column":5}},"10":{"start":{"line":19,"column":4},"end":{"line":19,"column":57}},"11":{"start":{"line":23,"column":0},"end":{"line":23,"column":21}}},"fnMap":{"0":{"name":"(anonymous_0)","decl":{"start":{"line":8,"column":13},"end":{"line":8,"column":14}},"loc":{"start":{"line":8,"column":27},"end":{"line":10,"column":1}},"line":8},"1":{"name":"(anonymous_1)","decl":{"start":{"line":18,"column":19},"end":{"line":18,"column":20}},"loc":{"start":{"line":18,"column":25},"end":{"line":20,"column":3}},"line":18}},"branchMap":{"0":{"loc":{"start":{"line":17,"column":0},"end":{"line":21,"column":1}},"type":"if","locations":[{"start":{"line":17,"column":0},"end":{"line":21,"column":1}},{"start":{},"end":{}}],"line":17}},"s":{"0":1,"1":1,"2":1,"3":1,"4":1,"5":1,"6":1,"7":1,"8":1,"9":0,"10":0,"11":1},"f":{"0":1,"1":0},"b":{"0":[0,1]},"_coverageSchema":"1a1c01bbd47fc00a2c39e90264f33305004495a9","hash":"8223e1c15c6cc5f311d0c0fe07c5c861d708a63c"}
,"/Users/lucasraffalli/Aflokkat/Test Unitaires/API/src/controllers/post.controller.js": {"path":"/Users/lucasraffalli/Aflokkat/Test Unitaires/API/src/controllers/post.controller.js","statementMap":{"0":{"start":{"line":1,"column":21},"end":{"line":1,"column":57}},"1":{"start":{"line":5,"column":2},"end":{"line":13,"column":3}},"2":{"start":{"line":6,"column":18},"end":{"line":6,"column":70}},"3":{"start":{"line":7,"column":4},"end":{"line":9,"column":5}},"4":{"start":{"line":8,"column":6},"end":{"line":8,"column":63}},"5":{"start":{"line":10,"column":4},"end":{"line":10,"column":32}},"6":{"start":{"line":12,"column":4},"end":{"line":12,"column":49}},"7":{"start":{"line":18,"column":2},"end":{"line":26,"column":3}},"8":{"start":{"line":19,"column":17},"end":{"line":19,"column":81}},"9":{"start":{"line":20,"column":4},"end":{"line":22,"column":5}},"10":{"start":{"line":21,"column":6},"end":{"line":21,"column":63}},"11":{"start":{"line":23,"column":4},"end":{"line":23,"column":31}},"12":{"start":{"line":25,"column":4},"end":{"line":25,"column":49}},"13":{"start":{"line":29,"column":0},"end":{"line":32,"column":2}}},"fnMap":{"0":{"name":"getByUser","decl":{"start":{"line":4,"column":15},"end":{"line":4,"column":24}},"loc":{"start":{"line":4,"column":35},"end":{"line":14,"column":1}},"line":4},"1":{"name":"create","decl":{"start":{"line":17,"column":15},"end":{"line":17,"column":21}},"loc":{"start":{"line":17,"column":32},"end":{"line":27,"column":1}},"line":17}},"branchMap":{"0":{"loc":{"start":{"line":7,"column":4},"end":{"line":9,"column":5}},"type":"if","locations":[{"start":{"line":7,"column":4},"end":{"line":9,"column":5}},{"start":{},"end":{}}],"line":7},"1":{"loc":{"start":{"line":19,"column":66},"end":{"line":19,"column":80}},"type":"binary-expr","locations":[{"start":{"line":19,"column":66},"end":{"line":19,"column":74}},{"start":{"line":19,"column":78},"end":{"line":19,"column":80}}],"line":19},"2":{"loc":{"start":{"line":20,"column":4},"end":{"line":22,"column":5}},"type":"if","locations":[{"start":{"line":20,"column":4},"end":{"line":22,"column":5}},{"start":{},"end":{}}],"line":20}},"s":{"0":2,"1":4,"2":4,"3":3,"4":1,"5":2,"6":1,"7":8,"8":8,"9":6,"10":3,"11":3,"12":2,"13":2},"f":{"0":4,"1":8},"b":{"0":[1,2],"1":[8,1],"2":[3,3]},"_coverageSchema":"1a1c01bbd47fc00a2c39e90264f33305004495a9","hash":"868a46ad0eea9cf50089c4dbe3a492f0a3f854b3"}
,"/Users/lucasraffalli/Aflokkat/Test Unitaires/API/src/controllers/user.controller.js": {"path":"/Users/lucasraffalli/Aflokkat/Test Unitaires/API/src/controllers/user.controller.js","statementMap":{"0":{"start":{"line":1,"column":21},"end":{"line":1,"column":57}},"1":{"start":{"line":5,"column":2},"end":{"line":10,"column":3}},"2":{"start":{"line":6,"column":18},"end":{"line":6,"column":47}},"3":{"start":{"line":7,"column":4},"end":{"line":7,"column":32}},"4":{"start":{"line":9,"column":4},"end":{"line":9,"column":49}},"5":{"start":{"line":15,"column":2},"end":{"line":23,"column":3}},"6":{"start":{"line":16,"column":17},"end":{"line":16,"column":62}},"7":{"start":{"line":17,"column":4},"end":{"line":19,"column":5}},"8":{"start":{"line":18,"column":6},"end":{"line":18,"column":63}},"9":{"start":{"line":20,"column":4},"end":{"line":20,"column":31}},"10":{"start":{"line":22,"column":4},"end":{"line":22,"column":49}},"11":{"start":{"line":28,"column":2},"end":{"line":33,"column":3}},"12":{"start":{"line":29,"column":17},"end":{"line":29,"column":62}},"13":{"start":{"line":30,"column":4},"end":{"line":30,"column":31}},"14":{"start":{"line":32,"column":4},"end":{"line":32,"column":49}},"15":{"start":{"line":38,"column":2},"end":{"line":46,"column":3}},"16":{"start":{"line":39,"column":17},"end":{"line":39,"column":77}},"17":{"start":{"line":40,"column":4},"end":{"line":42,"column":5}},"18":{"start":{"line":41,"column":6},"end":{"line":41,"column":63}},"19":{"start":{"line":43,"column":4},"end":{"line":43,"column":31}},"20":{"start":{"line":45,"column":4},"end":{"line":45,"column":49}},"21":{"start":{"line":51,"column":2},"end":{"line":59,"column":3}},"22":{"start":{"line":52,"column":20},"end":{"line":52,"column":64}},"23":{"start":{"line":53,"column":4},"end":{"line":55,"column":5}},"24":{"start":{"line":54,"column":6},"end":{"line":54,"column":63}},"25":{"start":{"line":56,"column":4},"end":{"line":56,"column":27}},"26":{"start":{"line":58,"column":4},"end":{"line":58,"column":49}},"27":{"start":{"line":62,"column":0},"end":{"line":68,"column":2}}},"fnMap":{"0":{"name":"getAll","decl":{"start":{"line":4,"column":15},"end":{"line":4,"column":21}},"loc":{"start":{"line":4,"column":32},"end":{"line":11,"column":1}},"line":4},"1":{"name":"getById","decl":{"start":{"line":14,"column":15},"end":{"line":14,"column":22}},"loc":{"start":{"line":14,"column":33},"end":{"line":24,"column":1}},"line":14},"2":{"name":"create","decl":{"start":{"line":27,"column":15},"end":{"line":27,"column":21}},"loc":{"start":{"line":27,"column":32},"end":{"line":34,"column":1}},"line":27},"3":{"name":"update","decl":{"start":{"line":37,"column":15},"end":{"line":37,"column":21}},"loc":{"start":{"line":37,"column":32},"end":{"line":47,"column":1}},"line":37},"4":{"name":"remove","decl":{"start":{"line":50,"column":15},"end":{"line":50,"column":21}},"loc":{"start":{"line":50,"column":32},"end":{"line":60,"column":1}},"line":50}},"branchMap":{"0":{"loc":{"start":{"line":17,"column":4},"end":{"line":19,"column":5}},"type":"if","locations":[{"start":{"line":17,"column":4},"end":{"line":19,"column":5}},{"start":{},"end":{}}],"line":17},"1":{"loc":{"start":{"line":40,"column":4},"end":{"line":42,"column":5}},"type":"if","locations":[{"start":{"line":40,"column":4},"end":{"line":42,"column":5}},{"start":{},"end":{}}],"line":40},"2":{"loc":{"start":{"line":53,"column":4},"end":{"line":55,"column":5}},"type":"if","locations":[{"start":{"line":53,"column":4},"end":{"line":55,"column":5}},{"start":{},"end":{}}],"line":53}},"s":{"0":2,"1":3,"2":3,"3":2,"4":1,"5":5,"6":5,"7":5,"8":3,"9":2,"10":0,"11":14,"12":14,"13":11,"14":3,"15":6,"16":6,"17":4,"18":2,"19":2,"20":2,"21":4,"22":4,"23":4,"24":2,"25":2,"26":0,"27":2},"f":{"0":3,"1":5,"2":14,"3":6,"4":4},"b":{"0":[3,2],"1":[2,2],"2":[2,2]},"_coverageSchema":"1a1c01bbd47fc00a2c39e90264f33305004495a9","hash":"5a33c98a360ad8f638868da6316f28a7d76284d8"}
,"/Users/lucasraffalli/Aflokkat/Test Unitaires/API/src/repositories/posts.repository.js": {"path":"/Users/lucasraffalli/Aflokkat/Test Unitaires/API/src/repositories/posts.repository.js","statementMap":{"0":{"start":{"line":1,"column":11},"end":{"line":1,"column":33}},"1":{"start":{"line":3,"column":16},"end":{"line":3,"column":43}},"2":{"start":{"line":7,"column":15},"end":{"line":7,"column":41}},"3":{"start":{"line":8,"column":2},"end":{"line":8,"column":26}},"4":{"start":{"line":13,"column":2},"end":{"line":13,"column":62}},"5":{"start":{"line":18,"column":16},"end":{"line":18,"column":32}},"6":{"start":{"line":19,"column":2},"end":{"line":19,"column":56}},"7":{"start":{"line":19,"column":32},"end":{"line":19,"column":54}},"8":{"start":{"line":24,"column":16},"end":{"line":24,"column":32}},"9":{"start":{"line":25,"column":2},"end":{"line":25,"column":19}},"10":{"start":{"line":26,"column":2},"end":{"line":26,"column":25}},"11":{"start":{"line":27,"column":2},"end":{"line":27,"column":14}},"12":{"start":{"line":30,"column":0},"end":{"line":34,"column":2}}},"fnMap":{"0":{"name":"getPosts","decl":{"start":{"line":6,"column":15},"end":{"line":6,"column":23}},"loc":{"start":{"line":6,"column":26},"end":{"line":9,"column":1}},"line":6},"1":{"name":"savePosts","decl":{"start":{"line":12,"column":15},"end":{"line":12,"column":24}},"loc":{"start":{"line":12,"column":32},"end":{"line":14,"column":1}},"line":12},"2":{"name":"getPostsByUserId","decl":{"start":{"line":17,"column":15},"end":{"line":17,"column":31}},"loc":{"start":{"line":17,"column":40},"end":{"line":20,"column":1}},"line":17},"3":{"name":"(anonymous_3)","decl":{"start":{"line":19,"column":22},"end":{"line":19,"column":23}},"loc":{"start":{"line":19,"column":32},"end":{"line":19,"column":54}},"line":19},"4":{"name":"createPost","decl":{"start":{"line":23,"column":15},"end":{"line":23,"column":25}},"loc":{"start":{"line":23,"column":32},"end":{"line":28,"column":1}},"line":23}},"branchMap":{},"s":{"0":4,"1":4,"2":7,"3":7,"4":3,"5":3,"6":3,"7":6,"8":3,"9":3,"10":3,"11":3,"12":4},"f":{"0":7,"1":3,"2":3,"3":6,"4":3},"b":{},"_coverageSchema":"1a1c01bbd47fc00a2c39e90264f33305004495a9","hash":"2d94c3e711506516ec97d2df881356f8ee0e2eec"}
,"/Users/lucasraffalli/Aflokkat/Test Unitaires/API/src/repositories/users.repository.js": {"path":"/Users/lucasraffalli/Aflokkat/Test Unitaires/API/src/repositories/users.repository.js","statementMap":{"0":{"start":{"line":1,"column":11},"end":{"line":1,"column":33}},"1":{"start":{"line":3,"column":16},"end":{"line":3,"column":40}},"2":{"start":{"line":7,"column":15},"end":{"line":7,"column":41}},"3":{"start":{"line":8,"column":2},"end":{"line":8,"column":26}},"4":{"start":{"line":13,"column":2},"end":{"line":13,"column":62}},"5":{"start":{"line":18,"column":16},"end":{"line":18,"column":32}},"6":{"start":{"line":19,"column":2},"end":{"line":19,"column":54}},"7":{"start":{"line":19,"column":30},"end":{"line":19,"column":44}},"8":{"start":{"line":24,"column":16},"end":{"line":24,"column":32}},"9":{"start":{"line":25,"column":2},"end":{"line":25,"column":19}},"10":{"start":{"line":26,"column":2},"end":{"line":26,"column":25}},"11":{"start":{"line":27,"column":2},"end":{"line":27,"column":14}},"12":{"start":{"line":33,"column":16},"end":{"line":33,"column":32}},"13":{"start":{"line":34,"column":16},"end":{"line":34,"column":57}},"14":{"start":{"line":34,"column":42},"end":{"line":34,"column":56}},"15":{"start":{"line":35,"column":2},"end":{"line":37,"column":3}},"16":{"start":{"line":36,"column":4},"end":{"line":36,"column":16}},"17":{"start":{"line":38,"column":2},"end":{"line":38,"column":50}},"18":{"start":{"line":39,"column":2},"end":{"line":39,"column":25}},"19":{"start":{"line":40,"column":2},"end":{"line":40,"column":22}},"20":{"start":{"line":45,"column":16},"end":{"line":45,"column":32}},"21":{"start":{"line":46,"column":16},"end":{"line":46,"column":57}},"22":{"start":{"line":46,"column":42},"end":{"line":46,"column":56}},"23":{"start":{"line":47,"column":2},"end":{"line":49,"column":3}},"24":{"start":{"line":48,"column":4},"end":{"line":48,"column":17}},"25":{"start":{"line":50,"column":2},"end":{"line":50,"column":25}},"26":{"start":{"line":51,"column":2},"end":{"line":51,"column":25}},"27":{"start":{"line":52,"column":2},"end":{"line":52,"column":14}},"28":{"start":{"line":55,"column":0},"end":{"line":61,"column":2}}},"fnMap":{"0":{"name":"getUsers","decl":{"start":{"line":6,"column":15},"end":{"line":6,"column":23}},"loc":{"start":{"line":6,"column":26},"end":{"line":9,"column":1}},"line":6},"1":{"name":"saveUsers","decl":{"start":{"line":12,"column":15},"end":{"line":12,"column":24}},"loc":{"start":{"line":12,"column":32},"end":{"line":14,"column":1}},"line":12},"2":{"name":"getUserById","decl":{"start":{"line":17,"column":15},"end":{"line":17,"column":26}},"loc":{"start":{"line":17,"column":31},"end":{"line":20,"column":1}},"line":17},"3":{"name":"(anonymous_3)","decl":{"start":{"line":19,"column":20},"end":{"line":19,"column":21}},"loc":{"start":{"line":19,"column":30},"end":{"line":19,"column":44}},"line":19},"4":{"name":"createUser","decl":{"start":{"line":23,"column":15},"end":{"line":23,"column":25}},"loc":{"start":{"line":23,"column":32},"end":{"line":28,"column":1}},"line":23},"5":{"name":"updateUser","decl":{"start":{"line":32,"column":15},"end":{"line":32,"column":25}},"loc":{"start":{"line":32,"column":36},"end":{"line":41,"column":1}},"line":32},"6":{"name":"(anonymous_6)","decl":{"start":{"line":34,"column":32},"end":{"line":34,"column":33}},"loc":{"start":{"line":34,"column":42},"end":{"line":34,"column":56}},"line":34},"7":{"name":"deleteUser","decl":{"start":{"line":44,"column":15},"end":{"line":44,"column":25}},"loc":{"start":{"line":44,"column":30},"end":{"line":53,"column":1}},"line":44},"8":{"name":"(anonymous_8)","decl":{"start":{"line":46,"column":32},"end":{"line":46,"column":33}},"loc":{"start":{"line":46,"column":42},"end":{"line":46,"column":56}},"line":46}},"branchMap":{"0":{"loc":{"start":{"line":19,"column":9},"end":{"line":19,"column":53}},"type":"binary-expr","locations":[{"start":{"line":19,"column":9},"end":{"line":19,"column":45}},{"start":{"line":19,"column":49},"end":{"line":19,"column":53}}],"line":19},"1":{"loc":{"start":{"line":35,"column":2},"end":{"line":37,"column":3}},"type":"if","locations":[{"start":{"line":35,"column":2},"end":{"line":37,"column":3}},{"start":{},"end":{}}],"line":35},"2":{"loc":{"start":{"line":47,"column":2},"end":{"line":49,"column":3}},"type":"if","locations":[{"start":{"line":47,"column":2},"end":{"line":49,"column":3}},{"start":{},"end":{}}],"line":47}},"s":{"0":6,"1":6,"2":31,"3":31,"4":15,"5":10,"6":10,"7":81,"8":11,"9":11,"10":11,"11":11,"12":4,"13":4,"14":19,"15":4,"16":2,"17":2,"18":2,"19":2,"20":4,"21":4,"22":21,"23":4,"24":2,"25":2,"26":2,"27":2,"28":6},"f":{"0":31,"1":15,"2":10,"3":81,"4":11,"5":4,"6":19,"7":4,"8":21},"b":{"0":[10,4],"1":[2,2],"2":[2,2]},"_coverageSchema":"1a1c01bbd47fc00a2c39e90264f33305004495a9","hash":"8409831347b5efa7e5e72f14b3e969c7630cae8b"}
,"/Users/lucasraffalli/Aflokkat/Test Unitaires/API/src/routes/index.js": {"path":"/Users/lucasraffalli/Aflokkat/Test Unitaires/API/src/routes/index.js","statementMap":{"0":{"start":{"line":1,"column":16},"end":{"line":1,"column":34}},"1":{"start":{"line":2,"column":15},"end":{"line":2,"column":31}},"2":{"start":{"line":3,"column":17},"end":{"line":3,"column":32}},"3":{"start":{"line":7,"column":0},"end":{"line":7,"column":28}},"4":{"start":{"line":9,"column":0},"end":{"line":9,"column":24}}},"fnMap":{},"branchMap":{},"s":{"0":1,"1":1,"2":1,"3":1,"4":1},"f":{},"b":{},"_coverageSchema":"1a1c01bbd47fc00a2c39e90264f33305004495a9","hash":"55e224ee8438c1c1fc570bf4786122a2f71994a7"}
,"/Users/lucasraffalli/Aflokkat/Test Unitaires/API/src/routes/v1/index.js": {"path":"/Users/lucasraffalli/Aflokkat/Test Unitaires/API/src/routes/v1/index.js","statementMap":{"0":{"start":{"line":1,"column":16},"end":{"line":1,"column":34}},"1":{"start":{"line":2,"column":15},"end":{"line":2,"column":31}},"2":{"start":{"line":3,"column":19},"end":{"line":3,"column":42}},"3":{"start":{"line":6,"column":0},"end":{"line":6,"column":33}},"4":{"start":{"line":8,"column":0},"end":{"line":8,"column":24}}},"fnMap":{},"branchMap":{},"s":{"0":1,"1":1,"2":1,"3":1,"4":1},"f":{},"b":{},"_coverageSchema":"1a1c01bbd47fc00a2c39e90264f33305004495a9","hash":"ce0ec472c1d0a48495e56a382045842335fa022d"}
,"/Users/lucasraffalli/Aflokkat/Test Unitaires/API/src/routes/v1/post.route.js": {"path":"/Users/lucasraffalli/Aflokkat/Test Unitaires/API/src/routes/v1/post.route.js","statementMap":{"0":{"start":{"line":1,"column":16},"end":{"line":1,"column":34}},"1":{"start":{"line":3,"column":15},"end":{"line":3,"column":52}},"2":{"start":{"line":4,"column":23},"end":{"line":4,"column":67}},"3":{"start":{"line":8,"column":0},"end":{"line":8,"column":42}},"4":{"start":{"line":9,"column":0},"end":{"line":9,"column":40}},"5":{"start":{"line":11,"column":0},"end":{"line":11,"column":24}}},"fnMap":{},"branchMap":{},"s":{"0":1,"1":1,"2":1,"3":1,"4":1,"5":1},"f":{},"b":{},"_coverageSchema":"1a1c01bbd47fc00a2c39e90264f33305004495a9","hash":"5ea0d10d824bbd15503cee79e8c0f5f7615f4e47"}
,"/Users/lucasraffalli/Aflokkat/Test Unitaires/API/src/routes/v1/user.route.js": {"path":"/Users/lucasraffalli/Aflokkat/Test Unitaires/API/src/routes/v1/user.route.js","statementMap":{"0":{"start":{"line":1,"column":16},"end":{"line":1,"column":34}},"1":{"start":{"line":2,"column":15},"end":{"line":2,"column":31}},"2":{"start":{"line":3,"column":23},"end":{"line":3,"column":67}},"3":{"start":{"line":4,"column":19},"end":{"line":4,"column":42}},"4":{"start":{"line":8,"column":0},"end":{"line":8,"column":39}},"5":{"start":{"line":9,"column":0},"end":{"line":9,"column":43}},"6":{"start":{"line":10,"column":0},"end":{"line":10,"column":40}},"7":{"start":{"line":11,"column":0},"end":{"line":11,"column":42}},"8":{"start":{"line":12,"column":0},"end":{"line":12,"column":45}},"9":{"start":{"line":15,"column":0},"end":{"line":15,"column":41}},"10":{"start":{"line":17,"column":0},"end":{"line":17,"column":24}}},"fnMap":{},"branchMap":{},"s":{"0":1,"1":1,"2":1,"3":1,"4":1,"5":1,"6":1,"7":1,"8":1,"9":1,"10":1},"f":{},"b":{},"_coverageSchema":"1a1c01bbd47fc00a2c39e90264f33305004495a9","hash":"7b0891afe7267cb93f5dc6d6b2ad9923e2e75868"}
,"/Users/lucasraffalli/Aflokkat/Test Unitaires/API/src/services/posts.service.js": {"path":"/Users/lucasraffalli/Aflokkat/Test Unitaires/API/src/services/posts.service.js","statementMap":{"0":{"start":{"line":1,"column":24},"end":{"line":1,"column":67}},"1":{"start":{"line":2,"column":24},"end":{"line":2,"column":67}},"2":{"start":{"line":3,"column":15},"end":{"line":3,"column":32}},"3":{"start":{"line":5,"column":27},"end":{"line":5,"column":30}},"4":{"start":{"line":10,"column":18},"end":{"line":10,"column":31}},"5":{"start":{"line":12,"column":2},"end":{"line":14,"column":3}},"6":{"start":{"line":13,"column":4},"end":{"line":13,"column":40}},"7":{"start":{"line":15,"column":2},"end":{"line":17,"column":3}},"8":{"start":{"line":16,"column":4},"end":{"line":16,"column":68}},"9":{"start":{"line":22,"column":15},"end":{"line":22,"column":56}},"10":{"start":{"line":23,"column":2},"end":{"line":25,"column":3}},"11":{"start":{"line":24,"column":4},"end":{"line":24,"column":16}},"12":{"start":{"line":26,"column":2},"end":{"line":26,"column":56}},"13":{"start":{"line":32,"column":15},"end":{"line":32,"column":56}},"14":{"start":{"line":33,"column":2},"end":{"line":35,"column":3}},"15":{"start":{"line":34,"column":4},"end":{"line":34,"column":16}},"16":{"start":{"line":37,"column":2},"end":{"line":37,"column":21}},"17":{"start":{"line":39,"column":15},"end":{"line":44,"column":3}},"18":{"start":{"line":46,"column":2},"end":{"line":46,"column":48}},"19":{"start":{"line":49,"column":0},"end":{"line":53,"column":2}}},"fnMap":{"0":{"name":"validatePost","decl":{"start":{"line":9,"column":9},"end":{"line":9,"column":21}},"loc":{"start":{"line":9,"column":28},"end":{"line":18,"column":1}},"line":9},"1":{"name":"getPostsByUser","decl":{"start":{"line":21,"column":15},"end":{"line":21,"column":29}},"loc":{"start":{"line":21,"column":38},"end":{"line":27,"column":1}},"line":21},"2":{"name":"createPost","decl":{"start":{"line":31,"column":15},"end":{"line":31,"column":25}},"loc":{"start":{"line":31,"column":40},"end":{"line":47,"column":1}},"line":31}},"branchMap":{"0":{"loc":{"start":{"line":12,"column":2},"end":{"line":14,"column":3}},"type":"if","locations":[{"start":{"line":12,"column":2},"end":{"line":14,"column":3}},{"start":{},"end":{}}],"line":12},"1":{"loc":{"start":{"line":12,"column":6},"end":{"line":12,"column":70}},"type":"binary-expr","locations":[{"start":{"line":12,"column":6},"end":{"line":12,"column":14}},{"start":{"line":12,"column":18},"end":{"line":12,"column":45}},{"start":{"line":12,"column":49},"end":{"line":12,"column":70}}],"line":12},"2":{"loc":{"start":{"line":15,"column":2},"end":{"line":17,"column":3}},"type":"if","locations":[{"start":{"line":15,"column":2},"end":{"line":17,"column":3}},{"start":{},"end":{}}],"line":15},"3":{"loc":{"start":{"line":23,"column":2},"end":{"line":25,"column":3}},"type":"if","locations":[{"start":{"line":23,"column":2},"end":{"line":25,"column":3}},{"start":{},"end":{}}],"line":23},"4":{"loc":{"start":{"line":33,"column":2},"end":{"line":35,"column":3}},"type":"if","locations":[{"start":{"line":33,"column":2},"end":{"line":35,"column":3}},{"start":{},"end":{}}],"line":33}},"s":{"0":3,"1":3,"2":3,"3":3,"4":11,"5":11,"6":6,"7":5,"8":1,"9":3,"10":3,"11":1,"12":2,"13":7,"14":7,"15":2,"16":5,"17":3,"18":3,"19":3},"f":{"0":11,"1":3,"2":7},"b":{"0":[6,5],"1":[11,7,6],"2":[1,4],"3":[1,2],"4":[2,5]},"_coverageSchema":"1a1c01bbd47fc00a2c39e90264f33305004495a9","hash":"f93f0822e8e12c259cbe9e429bee5c02f192d7f2"}
,"/Users/lucasraffalli/Aflokkat/Test Unitaires/API/src/services/users.service.js": {"path":"/Users/lucasraffalli/Aflokkat/Test Unitaires/API/src/services/users.service.js","statementMap":{"0":{"start":{"line":1,"column":24},"end":{"line":1,"column":67}},"1":{"start":{"line":2,"column":15},"end":{"line":2,"column":32}},"2":{"start":{"line":6,"column":2},"end":{"line":6,"column":42}},"3":{"start":{"line":11,"column":2},"end":{"line":11,"column":47}},"4":{"start":{"line":16,"column":2},"end":{"line":18,"column":3}},"5":{"start":{"line":17,"column":4},"end":{"line":17,"column":37}},"6":{"start":{"line":20,"column":2},"end":{"line":20,"column":77}},"7":{"start":{"line":25,"column":2},"end":{"line":27,"column":3}},"8":{"start":{"line":26,"column":4},"end":{"line":26,"column":37}},"9":{"start":{"line":29,"column":2},"end":{"line":29,"column":56}},"10":{"start":{"line":34,"column":2},"end":{"line":34,"column":46}},"11":{"start":{"line":37,"column":0},"end":{"line":43,"column":2}}},"fnMap":{"0":{"name":"getUsers","decl":{"start":{"line":5,"column":15},"end":{"line":5,"column":23}},"loc":{"start":{"line":5,"column":26},"end":{"line":7,"column":1}},"line":5},"1":{"name":"getUserById","decl":{"start":{"line":10,"column":15},"end":{"line":10,"column":26}},"loc":{"start":{"line":10,"column":31},"end":{"line":12,"column":1}},"line":10},"2":{"name":"createUser","decl":{"start":{"line":15,"column":15},"end":{"line":15,"column":25}},"loc":{"start":{"line":15,"column":32},"end":{"line":21,"column":1}},"line":15},"3":{"name":"updateUser","decl":{"start":{"line":24,"column":15},"end":{"line":24,"column":25}},"loc":{"start":{"line":24,"column":36},"end":{"line":30,"column":1}},"line":24},"4":{"name":"deleteUser","decl":{"start":{"line":33,"column":15},"end":{"line":33,"column":25}},"loc":{"start":{"line":33,"column":30},"end":{"line":35,"column":1}},"line":33}},"branchMap":{"0":{"loc":{"start":{"line":16,"column":2},"end":{"line":18,"column":3}},"type":"if","locations":[{"start":{"line":16,"column":2},"end":{"line":18,"column":3}},{"start":{},"end":{}}],"line":16},"1":{"loc":{"start":{"line":25,"column":2},"end":{"line":27,"column":3}},"type":"if","locations":[{"start":{"line":25,"column":2},"end":{"line":27,"column":3}},{"start":{},"end":{}}],"line":25}},"s":{"0":3,"1":3,"2":2,"3":5,"4":17,"5":3,"6":14,"7":6,"8":2,"9":4,"10":4,"11":3},"f":{"0":2,"1":5,"2":17,"3":6,"4":4},"b":{"0":[3,14],"1":[2,4]},"_coverageSchema":"1a1c01bbd47fc00a2c39e90264f33305004495a9","hash":"b21b565debf11828e6ab0a8e717446d99d3ff1a0"}
}
