TN:
SF:src/app.js
FN:8,(anonymous_0)
FN:18,(anonymous_1)
FNF:2
FNH:1
FNDA:1,(anonymous_0)
FNDA:0,(anonymous_1)
DA:1,1
DA:2,1
DA:3,1
DA:4,1
DA:6,1
DA:8,1
DA:9,1
DA:14,1
DA:17,1
DA:18,0
DA:19,0
DA:23,1
LF:12
LH:10
BRDA:17,0,0,0
BRDA:17,0,1,1
BRF:2
BRH:1
end_of_record
TN:
SF:src/controllers/post.controller.js
FN:4,getByUser
FN:17,create
FNF:2
FNH:2
FNDA:4,getByUser
FNDA:8,create
DA:1,2
DA:5,4
DA:6,4
DA:7,3
DA:8,1
DA:10,2
DA:12,1
DA:18,8
DA:19,8
DA:20,6
DA:21,3
DA:23,3
DA:25,2
DA:29,2
LF:14
LH:14
BRDA:7,0,0,1
BRDA:7,0,1,2
BRDA:19,1,0,8
BRDA:19,1,1,1
BRDA:20,2,0,3
BRDA:20,2,1,3
BRF:6
BRH:6
end_of_record
TN:
SF:src/controllers/user.controller.js
FN:4,getAll
FN:14,getById
FN:27,create
FN:37,update
FN:50,remove
FNF:5
FNH:5
FNDA:3,getAll
FNDA:5,getById
FNDA:14,create
FNDA:6,update
FNDA:4,remove
DA:1,2
DA:5,3
DA:6,3
DA:7,2
DA:9,1
DA:15,5
DA:16,5
DA:17,5
DA:18,3
DA:20,2
DA:22,0
DA:28,14
DA:29,14
DA:30,11
DA:32,3
DA:38,6
DA:39,6
DA:40,4
DA:41,2
DA:43,2
DA:45,2
DA:51,4
DA:52,4
DA:53,4
DA:54,2
DA:56,2
DA:58,0
DA:62,2
LF:28
LH:26
BRDA:17,0,0,3
BRDA:17,0,1,2
BRDA:40,1,0,2
BRDA:40,1,1,2
BRDA:53,2,0,2
BRDA:53,2,1,2
BRF:6
BRH:6
end_of_record
TN:
SF:src/repositories/posts.repository.js
FN:6,getPosts
FN:12,savePosts
FN:17,getPostsByUserId
FN:19,(anonymous_3)
FN:23,createPost
FNF:5
FNH:5
FNDA:7,getPosts
FNDA:3,savePosts
FNDA:3,getPostsByUserId
FNDA:6,(anonymous_3)
FNDA:3,createPost
DA:1,4
DA:3,4
DA:7,7
DA:8,7
DA:13,3
DA:18,3
DA:19,6
DA:24,3
DA:25,3
DA:26,3
DA:27,3
DA:30,4
LF:12
LH:12
BRF:0
BRH:0
end_of_record
TN:
SF:src/repositories/users.repository.js
FN:6,getUsers
FN:12,saveUsers
FN:17,getUserById
FN:19,(anonymous_3)
FN:23,createUser
FN:32,updateUser
FN:34,(anonymous_6)
FN:44,deleteUser
FN:46,(anonymous_8)
FNF:9
FNH:9
FNDA:31,getUsers
FNDA:15,saveUsers
FNDA:10,getUserById
FNDA:81,(anonymous_3)
FNDA:11,createUser
FNDA:4,updateUser
FNDA:19,(anonymous_6)
FNDA:4,deleteUser
FNDA:21,(anonymous_8)
DA:1,6
DA:3,6
DA:7,31
DA:8,31
DA:13,15
DA:18,10
DA:19,81
DA:24,11
DA:25,11
DA:26,11
DA:27,11
DA:33,4
DA:34,19
DA:35,4
DA:36,2
DA:38,2
DA:39,2
DA:40,2
DA:45,4
DA:46,21
DA:47,4
DA:48,2
DA:50,2
DA:51,2
DA:52,2
DA:55,6
LF:26
LH:26
BRDA:19,0,0,10
BRDA:19,0,1,4
BRDA:35,1,0,2
BRDA:35,1,1,2
BRDA:47,2,0,2
BRDA:47,2,1,2
BRF:6
BRH:6
end_of_record
TN:
SF:src/routes/index.js
FNF:0
FNH:0
DA:1,1
DA:2,1
DA:3,1
DA:7,1
DA:9,1
LF:5
LH:5
BRF:0
BRH:0
end_of_record
TN:
SF:src/routes/v1/index.js
FNF:0
FNH:0
DA:1,1
DA:2,1
DA:3,1
DA:6,1
DA:8,1
LF:5
LH:5
BRF:0
BRH:0
end_of_record
TN:
SF:src/routes/v1/post.route.js
FNF:0
FNH:0
DA:1,1
DA:3,1
DA:4,1
DA:8,1
DA:9,1
DA:11,1
LF:6
LH:6
BRF:0
BRH:0
end_of_record
TN:
SF:src/routes/v1/user.route.js
FNF:0
FNH:0
DA:1,1
DA:2,1
DA:3,1
DA:4,1
DA:8,1
DA:9,1
DA:10,1
DA:11,1
DA:12,1
DA:15,1
DA:17,1
LF:11
LH:11
BRF:0
BRH:0
end_of_record
TN:
SF:src/services/posts.service.js
FN:9,validatePost
FN:21,getPostsByUser
FN:31,createPost
FNF:3
FNH:3
FNDA:11,validatePost
FNDA:3,getPostsByUser
FNDA:7,createPost
DA:1,3
DA:2,3
DA:3,3
DA:5,3
DA:10,11
DA:12,11
DA:13,6
DA:15,5
DA:16,1
DA:22,3
DA:23,3
DA:24,1
DA:26,2
DA:32,7
DA:33,7
DA:34,2
DA:37,5
DA:39,3
DA:46,3
DA:49,3
LF:20
LH:20
BRDA:12,0,0,6
BRDA:12,0,1,5
BRDA:12,1,0,11
BRDA:12,1,1,7
BRDA:12,1,2,6
BRDA:15,2,0,1
BRDA:15,2,1,4
BRDA:23,3,0,1
BRDA:23,3,1,2
BRDA:33,4,0,2
BRDA:33,4,1,5
BRF:11
BRH:11
end_of_record
TN:
SF:src/services/users.service.js
FN:5,getUsers
FN:10,getUserById
FN:15,createUser
FN:24,updateUser
FN:33,deleteUser
FNF:5
FNH:5
FNDA:2,getUsers
FNDA:5,getUserById
FNDA:17,createUser
FNDA:6,updateUser
FNDA:4,deleteUser
DA:1,3
DA:2,3
DA:6,2
DA:11,5
DA:16,17
DA:17,3
DA:20,14
DA:25,6
DA:26,2
DA:29,4
DA:34,4
DA:37,3
LF:12
LH:12
BRDA:16,0,0,3
BRDA:16,0,1,14
BRDA:25,1,0,2
BRDA:25,1,1,4
BRF:4
BRH:4
end_of_record
